\BOOKMARK [1][-]{section.1}{\376\377\000\332\000v\000o\000d}{}% 1
\BOOKMARK [2][-]{subsection.1.1}{\376\377\001\014\000l\000e\000n\000o\000v\000i\000a\000\040\000t\000\355\000m\000u\000\040\000a\000\040\000r\000o\000z\000d\000e\000l\000e\000n\000i\000e\000\040\000\372\000l\000o\000h}{section.1}% 2
\BOOKMARK [1][-]{section.2}{\376\377\000H\000a\000r\000d\000v\000\351\000r\000o\000v\000\341\000\040\001\015\000a\000s\001\145}{}% 3
\BOOKMARK [2][-]{subsection.2.1}{\376\377\000Z\000o\000z\000n\000a\000m\000\040\000k\000o\000m\000p\000o\000n\000e\000n\000t\000o\000v}{section.2}% 4
\BOOKMARK [2][-]{subsection.2.2}{\376\377\000S\000c\000h\000\351\000m\000a\000\040\000z\000a\000p\000o\000j\000e\000n\000i\000a}{section.2}% 5
\BOOKMARK [2][-]{subsection.2.3}{\376\377\000P\000o\000p\000i\000s\000\040\000T\000E\000C\0001\000-\0001\0002\0007\0000\0006}{section.2}% 6
\BOOKMARK [2][-]{subsection.2.4}{\376\377\000P\000o\000p\000i\000s\000\040\000D\000S\0001\0008\000B\0002\0000}{section.2}% 7
\BOOKMARK [2][-]{subsection.2.5}{\376\377\000V\000\375\000k\000o\000n\000o\000v\000\341\000\040\000e\000l\000e\000k\000t\000r\000o\000n\000i\000k\000a\000\040\000\050\000P\000W\000M\000,\000\040\000M\000O\000S\000F\000E\000T\000\051}{section.2}% 8
\BOOKMARK [2][-]{subsection.2.6}{\376\377\000H\000y\000d\000r\000a\000u\000l\000i\000c\000k\000\375\000\040\000o\000k\000r\000u\000h}{section.2}% 9
\BOOKMARK [1][-]{section.3}{\376\377\000A\000r\000c\000h\000i\000t\000e\000k\000t\000\372\000r\000a\000\040\000s\000y\000s\000t\000\351\000m\000u}{}% 10
\BOOKMARK [2][-]{subsection.3.1}{\376\377\000U\000M\000L\000\040\000d\000i\000a\000g\000r\000a\000m}{section.3}% 11
\BOOKMARK [2][-]{subsection.3.2}{\376\377\001\140\000t\000r\000u\000k\000t\000\372\000r\000a\000\040\000s\000y\000s\000t\000\351\000m\000u}{section.3}% 12
\BOOKMARK [2][-]{subsection.3.3}{\376\377\000S\000e\000k\000v\000e\000n\001\015\000n\000\375\000\040\000d\000i\000a\000g\000r\000a\000m}{section.3}% 13
\BOOKMARK [2][-]{subsection.3.4}{\376\377\000P\000o\000u\001\176\000i\000t\000\351\000\040\000p\000r\000o\000t\000o\000k\000o\000l\000y}{section.3}% 14
\BOOKMARK [1][-]{section.4}{\376\377\000I\000d\000e\000n\000t\000i\000f\000i\000k\000\341\000c\000i\000a\000\040\000s\000y\000s\000t\000\351\000m\000u}{}% 15
\BOOKMARK [2][-]{subsection.4.1}{\376\377\000P\000o\000s\000t\000u\000p\000\040\000m\000e\000r\000a\000n\000i\000a\000\040\000s\000k\000o\000k\000o\000v\000e\000j\000\040\000o\000d\000o\000z\000v\000y}{section.4}% 16
\BOOKMARK [2][-]{subsection.4.2}{\376\377\000R\000e\000g\000u\000l\000\341\000c\000i\000a\000\040\000P\000e\000l\000t\000i\000e\000r\000o\000v\000h\000o\000\040\001\015\000l\000\341\000n\000k\000u}{section.4}% 17
\BOOKMARK [3][-]{subsubsection.4.2.1}{\376\377\000V\000\375\000p\000o\001\015\000e\000t\000\040\000p\000a\000r\000a\000m\000e\000t\000r\000o\000v\000\040\000K\000\040\000a\000\040\000T}{subsection.4.2}% 18
\BOOKMARK [2][-]{subsection.4.3}{\376\377\000R\000e\000g\000u\000l\000\341\000c\000i\000a\000\040\001\015\000e\000r\000p\000a\000d\000l\000a}{section.4}% 19
\BOOKMARK [3][-]{subsubsection.4.3.1}{\376\377\000V\000\375\000p\000o\001\015\000e\000t\000\040\000s\000t\000a\000t\000i\000c\000k\000\351\000h\000o\000\040\000z\000o\000s\000i\000l\000n\000e\000n\000i\000a\000\040\000K}{subsection.4.3}% 20
\BOOKMARK [3][-]{subsubsection.4.3.2}{\376\377\000V\000\375\000p\000o\001\015\000e\000t\000\040\001\015\000a\000s\000o\000v\000e\000j\000\040\000k\000o\000n\001\141\000t\000a\000n\000t\000y\000\040\000T\000\040\000a\000\040\000d\000o\000p\000r\000a\000v\000n\000\351\000h\000o\000\040\000o\000n\000e\000s\000k\000o\000r\000e\000n\000i\000a\000\040\000T\000d}{subsection.4.3}% 21
\BOOKMARK [3][-]{subsubsection.4.3.3}{\376\377\000V\000\375\000s\000l\000e\000d\000n\000\375\000\040\000m\000o\000d\000e\000l\000\040\000a\000\040\000v\000e\000r\000i\000f\000i\000k\000\341\000c\000i\000a}{subsection.4.3}% 22
\BOOKMARK [1][-]{section.5}{\376\377\000N\000\341\000v\000r\000h\000\040\000r\000e\000g\000u\000l\000\341\000t\000o\000r\000a}{}% 23
\BOOKMARK [2][-]{subsection.5.1}{\376\377\000M\000\363\000d\000\040\0002\000\040\000-\000\040\000n\000\341\000v\000r\000h\000\040\000P\000I\000D\000\040\000p\000r\000e\000\040\000T\000E\000C}{section.5}% 24
\BOOKMARK [2][-]{subsection.5.2}{\376\377\000M\000\363\000d\000\040\0003\000\040\000-\000\040\000n\000\341\000v\000r\000h\000\040\000P\000I\000D\000\040\000p\000r\000e\000\040\000p\000u\000m\000p\000u}{section.5}% 25
\BOOKMARK [3][-]{subsubsection.5.2.1}{\376\377\000S\000i\000m\000u\000l\000a\001\015\000n\000\341\000\040\000s\000c\000h\000\351\000m\000a\000\040\000a\000\040\000o\000v\000e\000r\000e\000n\000i\000e}{subsection.5.2}% 26
\BOOKMARK [2][-]{subsection.5.3}{\376\377\000V\000\375\000s\000l\000e\000d\000n\000\351\000\040\000p\000a\000r\000a\000m\000e\000t\000r\000e}{section.5}% 27
\BOOKMARK [1][-]{section.6}{\376\377\000E\000S\000P\0003\0002\000\040\000f\000i\000r\000m\000w\000a\000r\000e}{}% 28
\BOOKMARK [2][-]{subsection.6.1}{\376\377\000P\000o\000p\000i\000s\000\040\000k\000\363\000d\000u}{section.6}% 29
\BOOKMARK [2][-]{subsection.6.2}{\376\377\000P\000W\000M\000\040\000k\000o\000n\000f\000i\000g\000u\000r\000\341\000c\000i\000a}{section.6}% 30
\BOOKMARK [2][-]{subsection.6.3}{\376\377\000I\000m\000p\000l\000e\000m\000e\000n\000t\000\341\000c\000i\000a\000\040\000P\000I\000D}{section.6}% 31
\BOOKMARK [2][-]{subsection.6.4}{\376\377\000M\000Q\000T\000T\000\040\000k\000o\000m\000u\000n\000i\000k\000\341\000c\000i\000a}{section.6}% 32
\BOOKMARK [2][-]{subsection.6.5}{\376\377\000B\000e\000z\000p\000e\001\015\000n\000o\000s\000t\000n\000\351\000\040\000p\000r\000v\000k\000y\000\040\000\050\000s\000a\000t\000u\000r\000\341\000c\000i\000a\000,\000\040\000a\000n\000t\000i\000-\000w\000i\000n\000d\000u\000p\000\051}{section.6}% 33
\BOOKMARK [1][-]{section.7}{\376\377\000B\000a\000c\000k\000e\000n\000d\000\040\000-\000\040\000R\000a\000s\000p\000b\000e\000r\000r\000y\000\040\000P\000i}{}% 34
\BOOKMARK [2][-]{subsection.7.1}{\376\377\000F\000l\000a\000s\000k\000\040\000+\000\040\000S\000o\000c\000k\000e\000t\000I\000O}{section.7}% 35
\BOOKMARK [2][-]{subsection.7.2}{\376\377\000M\000Q\000T\000T\000\040\000b\000r\000o\000k\000e\000r\000\040\000\050\000M\000o\000s\000q\000u\000i\000t\000t\000o\000\051}{section.7}% 36
\BOOKMARK [2][-]{subsection.7.3}{\376\377\000S\000Q\000L\000\040\000d\000a\000t\000a\000b\000\341\000z\000a}{section.7}% 37
\BOOKMARK [2][-]{subsection.7.4}{\376\377\000C\000S\000V\000\040\000+\000\040\000J\000S\000O\000N\000\040\000a\000r\000c\000h\000i\000v\000\341\000c\000i\000a}{section.7}% 38
\BOOKMARK [2][-]{subsection.7.5}{\376\377\000T\000h\000i\000n\000g\000s\000b\000o\000a\000r\000d\000\040\000i\000n\000t\000e\000g\000r\000\341\000c\000i\000a}{section.7}% 39
\BOOKMARK [1][-]{section.8}{\376\377\000F\000r\000o\000n\000t\000e\000n\000d\000\040\000-\000\040\000W\000e\000b\000o\000v\000\375\000\040\000d\000a\000s\000h\000b\000o\000a\000r\000d}{}% 40
\BOOKMARK [2][-]{subsection.8.1}{\376\377\000P\000o\000p\000i\000s\000\040\000f\000u\000n\000k\000c\000i\000\355\000\040\000\050\000O\000p\000e\000n\000/\000S\000t\000a\000r\000t\000/\000S\000t\000o\000p\000/\000C\000l\000o\000s\000e\000\051}{section.8}% 41
\BOOKMARK [2][-]{subsection.8.2}{\376\377\000G\000r\000a\000f\000y}{section.8}% 42
\BOOKMARK [2][-]{subsection.8.3}{\376\377\000C\000i\000f\000e\000r\000n\000\355\000k\000y}{section.8}% 43
\BOOKMARK [2][-]{subsection.8.4}{\376\377\000T\000a\000b\000u\001\076\000k\000a\000\040\000m\000e\000r\000a\000n\000\355}{section.8}% 44
\BOOKMARK [2][-]{subsection.8.5}{\376\377\000P\000I\000D\000\040\000P\000a\000n\000e\000l}{section.8}% 45
\BOOKMARK [2][-]{subsection.8.6}{\376\377\000D\000a\000s\000h\000b\000o\000a\000r\000d}{section.8}% 46
\BOOKMARK [1][-]{section.9}{\376\377\000V\000\375\000s\000l\000e\000d\000k\000y\000\040\000m\000e\000r\000a\000n\000i\000a}{}% 47
\BOOKMARK [2][-]{subsection.9.1}{\376\377\000G\000r\000a\000f\000\040\000r\000e\000g\000u\000l\000\341\000c\000i\000e\000\040\000M\000\363\000d\000\040\0002}{section.9}% 48
\BOOKMARK [2][-]{subsection.9.2}{\376\377\000G\000r\000a\000f\000\040\000r\000e\000g\000u\000l\000\341\000c\000i\000e\000\040\000M\000\363\000d\000\040\0003}{section.9}% 49
\BOOKMARK [2][-]{subsection.9.3}{\376\377\000Z\000h\000o\000d\000n\000o\000t\000e\000n\000i\000e\000\040\000k\000v\000a\000l\000i\000t\000y\000\040\000r\000e\000g\000u\000l\000\341\000c\000i\000e}{section.9}% 50
\BOOKMARK [2][-]{subsection.9.4}{\376\377\000P\000o\000r\000o\000v\000n\000a\000n\000i\000e\000\040\000m\000\363\000d\000o\000v}{section.9}% 51
\BOOKMARK [1][-]{section.10}{\376\377\000P\000o\000u\001\176\000\355\000v\000a\000t\000e\001\076\000s\000k\000\341\000\040\000p\000r\000\355\000r\000u\001\015\000k\000a}{}% 52
\BOOKMARK [2][-]{subsection.10.1}{\376\377\000S\000p\000u\000s\000t\000e\000n\000i\000e\000\040\000s\000y\000s\000t\000\351\000m\000u\000\040\000\050\000k\000r\000o\000k\000\040\000z\000a\000\040\000k\000r\000o\000k\000o\000m\000\051}{section.10}% 53
\BOOKMARK [2][-]{subsection.10.2}{\376\377\000P\000o\000p\000i\000s\000\040\000t\000l\000a\001\015\000i\000d\000i\000e\000l\000\040\000d\000a\000s\000h\000b\000o\000a\000r\000d\000u}{section.10}% 54
\BOOKMARK [2][-]{subsection.10.3}{\376\377\000N\000a\000s\000t\000a\000v\000e\000n\000i\000e\000\040\000P\000I\000D\000\040\000p\000a\000r\000a\000m\000e\000t\000r\000o\000v}{section.10}% 55
\BOOKMARK [2][-]{subsection.10.4}{\376\377\000E\000x\000p\000o\000r\000t\000\040\000d\000\341\000t}{section.10}% 56
\BOOKMARK [1][-]{section.11}{\376\377\000V\000\375\000v\000o\000j\000\341\000r\000s\000k\000a\000\040\000p\000r\000\355\000r\000u\001\015\000k\000a}{}% 57
\BOOKMARK [2][-]{subsection.11.1}{\376\377\001\140\000t\000r\000u\000k\000t\000\372\000r\000a\000\040\000r\000e\000p\000o\000z\000i\000t\000\341\000r\000a\000\040\000\050\000G\000i\000t\000H\000u\000b\000\040\000l\000i\000n\000k\000\051}{section.11}% 58
\BOOKMARK [2][-]{subsection.11.2}{\376\377\000I\000n\001\141\000t\000a\000l\000\341\000c\000i\000a\000\040\000z\000\341\000v\000i\000s\000l\000o\000s\000t\000\355}{section.11}% 59
\BOOKMARK [2][-]{subsection.11.3}{\376\377\000K\000o\000n\000f\000i\000g\000u\000r\000\341\000c\000i\000a\000\040\000\050\000W\000i\000F\000i\000,\000\040\000M\000Q\000T\000T\000,\000\040\000p\000o\000r\000t\000\051}{section.11}% 60
\BOOKMARK [2][-]{subsection.11.4}{\376\377\000S\000p\000u\000s\000t\000e\000n\000i\000e\000\040\000b\000a\000c\000k\000e\000n\000d\000u}{section.11}% 61
\BOOKMARK [1][-]{section.12}{\376\377\000Z\000\341\000v\000e\000r}{}% 62
\BOOKMARK [1][-]{section.13}{\376\377\000Z\000o\000z\000n\000a\000m\000\040\000l\000i\000t\000e\000r\000a\000t\000\372\000r\000y}{}% 63
